<?xml version="1.0" encoding="UTF-8"?>
<testsuite name="edu.bsu.cs.revisionreporter.parse.RevisionParserTest" tests="2" skipped="0" failures="0" errors="0" timestamp="2025-09-26T17:43:40" hostname="BRAYSSCHOOLPC" time="0.012">
  <properties/>
  <testcase name="parsesRedirectAndRevisions()" classname="edu.bsu.cs.revisionreporter.parse.RevisionParserTest" time="0.006"/>
  <testcase name="detectsMissingPage()" classname="edu.bsu.cs.revisionreporter.parse.RevisionParserTest" time="0.005"/>
  <system-out><![CDATA[]]></system-out>
  <system-err><![CDATA[]]></system-err>
</testsuite>
