<?xml version="1.0" encoding="UTF-8"?>
<testsuite name="edu.bsu.cs.revisionreporter.parse.RevisionFormatterTest" tests="1" skipped="0" failures="0" errors="0" timestamp="2025-09-26T17:43:40" hostname="BRAYSSCHOOLPC" time="0.038">
  <properties/>
  <testcase name="printsNumberedIsoLines()" classname="edu.bsu.cs.revisionreporter.parse.RevisionFormatterTest" time="0.038"/>
  <system-out><![CDATA[]]></system-out>
  <system-err><![CDATA[]]></system-err>
</testsuite>
