<?xml version="1.0" encoding="UTF-8"?>
<testsuite name="edu.bsu.cs.revisionreporter.parse.RevisionParserCelebTopicsTest" tests="5" skipped="0" failures="0" errors="0" timestamp="2025-09-26T17:43:40" hostname="BRAYSSCHOOLPC" time="0.103">
  <properties/>
  <testcase name="Parses Taylor Swift with redirect and 3 revisions" classname="edu.bsu.cs.revisionreporter.parse.RevisionParserCelebTopicsTest" time="0.076"/>
  <testcase name="Parses Python (programming language) with redirect and 2 revisions" classname="edu.bsu.cs.revisionreporter.parse.RevisionParserCelebTopicsTest" time="0.008"/>
  <testcase name="Parses World War II with 4 revisions" classname="edu.bsu.cs.revisionreporter.parse.RevisionParserCelebTopicsTest" time="0.005"/>
  <testcase name="Parses The Beatles with 2 revisions" classname="edu.bsu.cs.revisionreporter.parse.RevisionParserCelebTopicsTest" time="0.004"/>
  <testcase name="Parses Albert Einstein with 1 revision and no redirect" classname="edu.bsu.cs.revisionreporter.parse.RevisionParserCelebTopicsTest" time="0.003"/>
  <system-out><![CDATA[]]></system-out>
  <system-err><![CDATA[]]></system-err>
</testsuite>
